0 info it worked if it ends with ok
1 verbose cli [ '/usr/local/bin/node', '/usr/local/bin/npm', 'publish' ]
2 info using npm@2.14.20
3 info using node@v4.4.0
4 verbose publish [ '.' ]
5 silly cache add args [ '.', null ]
6 verbose cache add spec .
7 silly cache add parsed spec Result {
7 silly cache add   raw: '.',
7 silly cache add   scope: null,
7 silly cache add   name: null,
7 silly cache add   rawSpec: '.',
7 silly cache add   spec: '/home/pallali/env/workspace/home/math',
7 silly cache add   type: 'directory' }
8 verbose addLocalDirectory /home/pallali/.npm/math/1.0.0/package.tgz not in flight; packing
9 verbose correctMkdir /home/pallali/.npm correctMkdir not in flight; initializing
10 verbose tar pack [ '/home/pallali/.npm/math/1.0.0/package.tgz',
10 verbose tar pack   '/home/pallali/env/workspace/home/math' ]
11 verbose tarball /home/pallali/.npm/math/1.0.0/package.tgz
12 verbose folder /home/pallali/env/workspace/home/math
13 info prepublish math@1.0.0
14 verbose addLocalTarball adding from inside cache /home/pallali/.npm/math/1.0.0/package.tgz
15 verbose correctMkdir /home/pallali/.npm correctMkdir not in flight; initializing
16 silly cache afterAdd math@1.0.0
17 verbose afterAdd /home/pallali/.npm/math/1.0.0/package/package.json not in flight; writing
18 verbose correctMkdir /home/pallali/.npm correctMkdir not in flight; initializing
19 verbose afterAdd /home/pallali/.npm/math/1.0.0/package/package.json written
20 silly publish { name: 'math',
20 silly publish   version: '1.0.0',
20 silly publish   description: '',
20 silly publish   main: 'index.js',
20 silly publish   scripts: { test: 'echo "Error: no test specified" && exit 1' },
20 silly publish   repository:
20 silly publish    { type: 'git',
20 silly publish      url: 'git+https://github.com/pallalarajasekar/math.git' },
20 silly publish   author: { name: 'pallala' },
20 silly publish   license: 'ISC',
20 silly publish   bugs: { url: 'https://github.com/pallalarajasekar/math/issues' },
20 silly publish   homepage: 'https://github.com/pallalarajasekar/math#readme',
20 silly publish   readme: 'ERROR: No README data found!',
20 silly publish   _id: 'math@1.0.0',
20 silly publish   _shasum: '25dc4b0e0ed0249fdd8a9c76da2b1888dae3fbea',
20 silly publish   _from: '.' }
21 verbose getPublishConfig undefined
22 silly mapToRegistry name math
23 silly mapToRegistry using default registry
24 silly mapToRegistry registry https://registry.npmjs.org/
25 silly mapToRegistry uri https://registry.npmjs.org/math
26 verbose publish registryBase https://registry.npmjs.org/
27 silly publish uploading /home/pallali/.npm/math/1.0.0/package.tgz
28 verbose request uri https://registry.npmjs.org/math
29 verbose request sending authorization for write operation
30 info attempt registry request try #1 at 12:49:11
31 verbose request using bearer token for auth
32 verbose request id 756807ec2d479c8d
33 http request PUT https://registry.npmjs.org/math
34 http 403 https://registry.npmjs.org/math
35 verbose headers { 'content-type': 'application/json',
35 verbose headers   'cache-control': 'max-age=300',
35 verbose headers   'content-length': '98',
35 verbose headers   'accept-ranges': 'bytes',
35 verbose headers   date: 'Thu, 02 Jun 2016 07:19:13 GMT',
35 verbose headers   via: '1.1 varnish',
35 verbose headers   connection: 'keep-alive',
35 verbose headers   'x-served-by': 'cache-sin6927-SIN',
35 verbose headers   'x-cache': 'MISS',
35 verbose headers   'x-cache-hits': '0',
35 verbose headers   'x-timer': 'S1464851952.724534,VS0,VE837',
35 verbose headers   vary: 'Accept-Encoding' }
36 verbose request invalidating /home/pallali/.npm/registry.npmjs.org/math on PUT
37 error publish Failed PUT 403
38 verbose stack Error: you do not have permission to publish "math". Are you logged in as the correct user? : math
38 verbose stack     at makeError (/usr/local/lib/node_modules/npm/node_modules/npm-registry-client/lib/request.js:264:12)
38 verbose stack     at CachingRegistryClient.<anonymous> (/usr/local/lib/node_modules/npm/node_modules/npm-registry-client/lib/request.js:252:14)
38 verbose stack     at Request._callback (/usr/local/lib/node_modules/npm/node_modules/npm-registry-client/lib/request.js:172:14)
38 verbose stack     at Request.self.callback (/usr/local/lib/node_modules/npm/node_modules/request/request.js:199:22)
38 verbose stack     at emitTwo (events.js:87:13)
38 verbose stack     at Request.emit (events.js:172:7)
38 verbose stack     at Request.<anonymous> (/usr/local/lib/node_modules/npm/node_modules/request/request.js:1036:10)
38 verbose stack     at emitOne (events.js:82:20)
38 verbose stack     at Request.emit (events.js:169:7)
38 verbose stack     at IncomingMessage.<anonymous> (/usr/local/lib/node_modules/npm/node_modules/request/request.js:963:12)
39 verbose statusCode 403
40 verbose pkgid math
41 verbose cwd /home/pallali/env/workspace/home/math
42 error Linux 3.16.0-30-generic
43 error argv "/usr/local/bin/node" "/usr/local/bin/npm" "publish"
44 error node v4.4.0
45 error npm  v2.14.20
46 error code E403
47 error you do not have permission to publish "math". Are you logged in as the correct user? : math
48 error If you need help, you may report this error at:
48 error     <https://github.com/npm/npm/issues>
49 verbose exit [ 1, true ]
